[0.175s] DEBUG:colcon:Command line arguments: ['/usr/bin/colcon', 'build']
[0.175s] DEBUG:colcon:Parsed command line arguments: Namespace(log_base=None, log_level=None, verb_name='build', build_base='build', install_base='install', merge_install=False, symlink_install=False, test_result_base=None, continue_on_error=False, executor='parallel', parallel_workers=8, event_handlers=None, ignore_user_meta=False, metas=['./colcon.meta'], base_paths=['.'], packages_ignore=None, packages_ignore_regex=None, paths=None, packages_up_to=None, packages_up_to_regex=None, packages_above=None, packages_above_and_dependencies=None, packages_above_depth=None, packages_select_by_dep=None, packages_skip_by_dep=None, packages_skip_up_to=None, packages_select_build_failed=False, packages_skip_build_finished=False, packages_select_test_failures=False, packages_skip_test_passed=False, packages_select=None, packages_skip=None, packages_select_regex=None, packages_skip_regex=None, packages_start=None, packages_end=None, allow_overriding=[], cmake_args=None, cmake_target=None, cmake_target_skip_unavailable=False, cmake_clean_cache=False, cmake_clean_first=False, cmake_force_configure=False, ament_cmake_args=None, catkin_cmake_args=None, catkin_skip_building_tests=False, mixin_files=None, mixin=None, verb_parser=<colcon_mixin.mixin.mixin_argument.MixinArgumentDecorator object at 0x79dd909c67a0>, verb_extension=<colcon_core.verb.build.BuildVerb object at 0x79dd909c6230>, main=<bound method BuildVerb.main of <colcon_core.verb.build.BuildVerb object at 0x79dd909c6230>>, mixin_verb=('build',))
[0.441s] Level 1:colcon.colcon_core.package_discovery:discover_packages(colcon_meta) check parameters
[0.441s] Level 1:colcon.colcon_core.package_discovery:discover_packages(recursive) check parameters
[0.441s] Level 1:colcon.colcon_core.package_discovery:discover_packages(ignore) check parameters
[0.441s] Level 1:colcon.colcon_core.package_discovery:discover_packages(path) check parameters
[0.441s] Level 1:colcon.colcon_core.package_discovery:discover_packages(colcon_meta) discover
[0.441s] Level 1:colcon.colcon_core.package_discovery:discover_packages(recursive) discover
[0.441s] INFO:colcon.colcon_core.package_discovery:Crawling recursively for packages in '/home/ryder/Documents/as4/assignment4-ros2/assignment3_WS/src/tb3_autonomous/worlds'
[0.441s] Level 1:colcon.colcon_core.package_identification:_identify(.) by extensions ['ignore', 'ignore_ament_install']
[0.441s] Level 1:colcon.colcon_core.package_identification:_identify(.) by extension 'ignore'
[0.441s] Level 1:colcon.colcon_core.package_identification:_identify(.) by extension 'ignore_ament_install'
[0.442s] Level 1:colcon.colcon_core.package_identification:_identify(.) by extensions ['colcon_pkg']
[0.442s] Level 1:colcon.colcon_core.package_identification:_identify(.) by extension 'colcon_pkg'
[0.442s] Level 1:colcon.colcon_core.package_identification:_identify(.) by extensions ['colcon_meta']
[0.442s] Level 1:colcon.colcon_core.package_identification:_identify(.) by extension 'colcon_meta'
[0.442s] Level 1:colcon.colcon_core.package_identification:_identify(.) by extensions ['ros']
[0.442s] Level 1:colcon.colcon_core.package_identification:_identify(.) by extension 'ros'
[0.457s] Level 1:colcon.colcon_core.package_identification:_identify(.) by extensions ['cmake', 'python']
[0.457s] Level 1:colcon.colcon_core.package_identification:_identify(.) by extension 'cmake'
[0.457s] Level 1:colcon.colcon_core.package_identification:_identify(.) by extension 'python'
[0.457s] Level 1:colcon.colcon_core.package_identification:_identify(.) by extensions ['python_setup_py']
[0.457s] Level 1:colcon.colcon_core.package_identification:_identify(.) by extension 'python_setup_py'
[0.457s] Level 1:colcon.colcon_core.package_identification:_identify(build) by extensions ['ignore', 'ignore_ament_install']
[0.457s] Level 1:colcon.colcon_core.package_identification:_identify(build) by extension 'ignore'
[0.457s] Level 1:colcon.colcon_core.package_identification:_identify(build) ignored
[0.457s] Level 1:colcon.colcon_core.package_identification:_identify(gazebo_models) by extensions ['ignore', 'ignore_ament_install']
[0.458s] Level 1:colcon.colcon_core.package_identification:_identify(gazebo_models) by extension 'ignore'
[0.458s] Level 1:colcon.colcon_core.package_identification:_identify(gazebo_models) by extension 'ignore_ament_install'
[0.458s] Level 1:colcon.colcon_core.package_identification:_identify(gazebo_models) by extensions ['colcon_pkg']
[0.458s] Level 1:colcon.colcon_core.package_identification:_identify(gazebo_models) by extension 'colcon_pkg'
[0.458s] Level 1:colcon.colcon_core.package_identification:_identify(gazebo_models) by extensions ['colcon_meta']
[0.458s] Level 1:colcon.colcon_core.package_identification:_identify(gazebo_models) by extension 'colcon_meta'
[0.458s] Level 1:colcon.colcon_core.package_identification:_identify(gazebo_models) by extensions ['ros']
[0.458s] Level 1:colcon.colcon_core.package_identification:_identify(gazebo_models) by extension 'ros'
[0.458s] Level 1:colcon.colcon_core.package_identification:_identify(gazebo_models) by extensions ['cmake', 'python']
[0.458s] Level 1:colcon.colcon_core.package_identification:_identify(gazebo_models) by extension 'cmake'
[0.458s] Level 1:colcon.colcon_core.package_identification:_identify(gazebo_models) by extension 'python'
[0.458s] Level 1:colcon.colcon_core.package_identification:_identify(gazebo_models) by extensions ['python_setup_py']
[0.458s] Level 1:colcon.colcon_core.package_identification:_identify(gazebo_models) by extension 'python_setup_py'
[0.458s] Level 1:colcon.colcon_core.package_identification:_identify(gazebo_models/ar_tags) by extensions ['ignore', 'ignore_ament_install']
[0.458s] Level 1:colcon.colcon_core.package_identification:_identify(gazebo_models/ar_tags) by extension 'ignore'
[0.458s] Level 1:colcon.colcon_core.package_identification:_identify(gazebo_models/ar_tags) by extension 'ignore_ament_install'
[0.459s] Level 1:colcon.colcon_core.package_identification:_identify(gazebo_models/ar_tags) by extensions ['colcon_pkg']
[0.459s] Level 1:colcon.colcon_core.package_identification:_identify(gazebo_models/ar_tags) by extension 'colcon_pkg'
[0.459s] Level 1:colcon.colcon_core.package_identification:_identify(gazebo_models/ar_tags) by extensions ['colcon_meta']
[0.459s] Level 1:colcon.colcon_core.package_identification:_identify(gazebo_models/ar_tags) by extension 'colcon_meta'
[0.459s] Level 1:colcon.colcon_core.package_identification:_identify(gazebo_models/ar_tags) by extensions ['ros']
[0.459s] Level 1:colcon.colcon_core.package_identification:_identify(gazebo_models/ar_tags) by extension 'ros'
[0.459s] Level 1:colcon.colcon_core.package_identification:_identify(gazebo_models/ar_tags) by extensions ['cmake', 'python']
[0.459s] Level 1:colcon.colcon_core.package_identification:_identify(gazebo_models/ar_tags) by extension 'cmake'
[0.459s] Level 1:colcon.colcon_core.package_identification:_identify(gazebo_models/ar_tags) by extension 'python'
[0.459s] Level 1:colcon.colcon_core.package_identification:_identify(gazebo_models/ar_tags) by extensions ['python_setup_py']
[0.459s] Level 1:colcon.colcon_core.package_identification:_identify(gazebo_models/ar_tags) by extension 'python_setup_py'
[0.459s] Level 1:colcon.colcon_core.package_identification:_identify(gazebo_models/ar_tags/blend) by extensions ['ignore', 'ignore_ament_install']
[0.459s] Level 1:colcon.colcon_core.package_identification:_identify(gazebo_models/ar_tags/blend) by extension 'ignore'
[0.459s] Level 1:colcon.colcon_core.package_identification:_identify(gazebo_models/ar_tags/blend) by extension 'ignore_ament_install'
[0.459s] Level 1:colcon.colcon_core.package_identification:_identify(gazebo_models/ar_tags/blend) by extensions ['colcon_pkg']
[0.459s] Level 1:colcon.colcon_core.package_identification:_identify(gazebo_models/ar_tags/blend) by extension 'colcon_pkg'
[0.460s] Level 1:colcon.colcon_core.package_identification:_identify(gazebo_models/ar_tags/blend) by extensions ['colcon_meta']
[0.460s] Level 1:colcon.colcon_core.package_identification:_identify(gazebo_models/ar_tags/blend) by extension 'colcon_meta'
[0.460s] Level 1:colcon.colcon_core.package_identification:_identify(gazebo_models/ar_tags/blend) by extensions ['ros']
[0.460s] Level 1:colcon.colcon_core.package_identification:_identify(gazebo_models/ar_tags/blend) by extension 'ros'
[0.460s] Level 1:colcon.colcon_core.package_identification:_identify(gazebo_models/ar_tags/blend) by extensions ['cmake', 'python']
[0.460s] Level 1:colcon.colcon_core.package_identification:_identify(gazebo_models/ar_tags/blend) by extension 'cmake'
[0.460s] Level 1:colcon.colcon_core.package_identification:_identify(gazebo_models/ar_tags/blend) by extension 'python'
[0.460s] Level 1:colcon.colcon_core.package_identification:_identify(gazebo_models/ar_tags/blend) by extensions ['python_setup_py']
[0.460s] Level 1:colcon.colcon_core.package_identification:_identify(gazebo_models/ar_tags/blend) by extension 'python_setup_py'
[0.460s] Level 1:colcon.colcon_core.package_identification:_identify(gazebo_models/ar_tags/images) by extensions ['ignore', 'ignore_ament_install']
[0.460s] Level 1:colcon.colcon_core.package_identification:_identify(gazebo_models/ar_tags/images) by extension 'ignore'
[0.460s] Level 1:colcon.colcon_core.package_identification:_identify(gazebo_models/ar_tags/images) by extension 'ignore_ament_install'
[0.461s] Level 1:colcon.colcon_core.package_identification:_identify(gazebo_models/ar_tags/images) by extensions ['colcon_pkg']
[0.461s] Level 1:colcon.colcon_core.package_identification:_identify(gazebo_models/ar_tags/images) by extension 'colcon_pkg'
[0.461s] Level 1:colcon.colcon_core.package_identification:_identify(gazebo_models/ar_tags/images) by extensions ['colcon_meta']
[0.461s] Level 1:colcon.colcon_core.package_identification:_identify(gazebo_models/ar_tags/images) by extension 'colcon_meta'
[0.461s] Level 1:colcon.colcon_core.package_identification:_identify(gazebo_models/ar_tags/images) by extensions ['ros']
[0.461s] Level 1:colcon.colcon_core.package_identification:_identify(gazebo_models/ar_tags/images) by extension 'ros'
[0.461s] Level 1:colcon.colcon_core.package_identification:_identify(gazebo_models/ar_tags/images) by extensions ['cmake', 'python']
[0.461s] Level 1:colcon.colcon_core.package_identification:_identify(gazebo_models/ar_tags/images) by extension 'cmake'
[0.461s] Level 1:colcon.colcon_core.package_identification:_identify(gazebo_models/ar_tags/images) by extension 'python'
[0.461s] Level 1:colcon.colcon_core.package_identification:_identify(gazebo_models/ar_tags/images) by extensions ['python_setup_py']
[0.461s] Level 1:colcon.colcon_core.package_identification:_identify(gazebo_models/ar_tags/images) by extension 'python_setup_py'
[0.461s] Level 1:colcon.colcon_core.package_identification:_identify(gazebo_models/ar_tags/model) by extensions ['ignore', 'ignore_ament_install']
[0.461s] Level 1:colcon.colcon_core.package_identification:_identify(gazebo_models/ar_tags/model) by extension 'ignore'
[0.462s] Level 1:colcon.colcon_core.package_identification:_identify(gazebo_models/ar_tags/model) by extension 'ignore_ament_install'
[0.462s] Level 1:colcon.colcon_core.package_identification:_identify(gazebo_models/ar_tags/model) by extensions ['colcon_pkg']
[0.462s] Level 1:colcon.colcon_core.package_identification:_identify(gazebo_models/ar_tags/model) by extension 'colcon_pkg'
[0.462s] Level 1:colcon.colcon_core.package_identification:_identify(gazebo_models/ar_tags/model) by extensions ['colcon_meta']
[0.462s] Level 1:colcon.colcon_core.package_identification:_identify(gazebo_models/ar_tags/model) by extension 'colcon_meta'
[0.462s] Level 1:colcon.colcon_core.package_identification:_identify(gazebo_models/ar_tags/model) by extensions ['ros']
[0.462s] Level 1:colcon.colcon_core.package_identification:_identify(gazebo_models/ar_tags/model) by extension 'ros'
[0.462s] Level 1:colcon.colcon_core.package_identification:_identify(gazebo_models/ar_tags/model) by extensions ['cmake', 'python']
[0.462s] Level 1:colcon.colcon_core.package_identification:_identify(gazebo_models/ar_tags/model) by extension 'cmake'
[0.462s] Level 1:colcon.colcon_core.package_identification:_identify(gazebo_models/ar_tags/model) by extension 'python'
[0.462s] Level 1:colcon.colcon_core.package_identification:_identify(gazebo_models/ar_tags/model) by extensions ['python_setup_py']
[0.462s] Level 1:colcon.colcon_core.package_identification:_identify(gazebo_models/ar_tags/model) by extension 'python_setup_py'
[0.462s] Level 1:colcon.colcon_core.package_identification:_identify(gazebo_models/ar_tags/model/marker0) by extensions ['ignore', 'ignore_ament_install']
[0.462s] Level 1:colcon.colcon_core.package_identification:_identify(gazebo_models/ar_tags/model/marker0) by extension 'ignore'
[0.463s] Level 1:colcon.colcon_core.package_identification:_identify(gazebo_models/ar_tags/model/marker0) by extension 'ignore_ament_install'
[0.463s] Level 1:colcon.colcon_core.package_identification:_identify(gazebo_models/ar_tags/model/marker0) by extensions ['colcon_pkg']
[0.463s] Level 1:colcon.colcon_core.package_identification:_identify(gazebo_models/ar_tags/model/marker0) by extension 'colcon_pkg'
[0.463s] Level 1:colcon.colcon_core.package_identification:_identify(gazebo_models/ar_tags/model/marker0) by extensions ['colcon_meta']
[0.463s] Level 1:colcon.colcon_core.package_identification:_identify(gazebo_models/ar_tags/model/marker0) by extension 'colcon_meta'
[0.463s] Level 1:colcon.colcon_core.package_identification:_identify(gazebo_models/ar_tags/model/marker0) by extensions ['ros']
[0.463s] Level 1:colcon.colcon_core.package_identification:_identify(gazebo_models/ar_tags/model/marker0) by extension 'ros'
[0.463s] Level 1:colcon.colcon_core.package_identification:_identify(gazebo_models/ar_tags/model/marker0) by extensions ['cmake', 'python']
[0.463s] Level 1:colcon.colcon_core.package_identification:_identify(gazebo_models/ar_tags/model/marker0) by extension 'cmake'
[0.463s] Level 1:colcon.colcon_core.package_identification:_identify(gazebo_models/ar_tags/model/marker0) by extension 'python'
[0.463s] Level 1:colcon.colcon_core.package_identification:_identify(gazebo_models/ar_tags/model/marker0) by extensions ['python_setup_py']
[0.463s] Level 1:colcon.colcon_core.package_identification:_identify(gazebo_models/ar_tags/model/marker0) by extension 'python_setup_py'
[0.463s] Level 1:colcon.colcon_core.package_identification:_identify(gazebo_models/ar_tags/model/marker0/materials) by extensions ['ignore', 'ignore_ament_install']
[0.463s] Level 1:colcon.colcon_core.package_identification:_identify(gazebo_models/ar_tags/model/marker0/materials) by extension 'ignore'
[0.463s] Level 1:colcon.colcon_core.package_identification:_identify(gazebo_models/ar_tags/model/marker0/materials) by extension 'ignore_ament_install'
[0.463s] Level 1:colcon.colcon_core.package_identification:_identify(gazebo_models/ar_tags/model/marker0/materials) by extensions ['colcon_pkg']
[0.464s] Level 1:colcon.colcon_core.package_identification:_identify(gazebo_models/ar_tags/model/marker0/materials) by extension 'colcon_pkg'
[0.464s] Level 1:colcon.colcon_core.package_identification:_identify(gazebo_models/ar_tags/model/marker0/materials) by extensions ['colcon_meta']
[0.464s] Level 1:colcon.colcon_core.package_identification:_identify(gazebo_models/ar_tags/model/marker0/materials) by extension 'colcon_meta'
[0.464s] Level 1:colcon.colcon_core.package_identification:_identify(gazebo_models/ar_tags/model/marker0/materials) by extensions ['ros']
[0.464s] Level 1:colcon.colcon_core.package_identification:_identify(gazebo_models/ar_tags/model/marker0/materials) by extension 'ros'
[0.464s] Level 1:colcon.colcon_core.package_identification:_identify(gazebo_models/ar_tags/model/marker0/materials) by extensions ['cmake', 'python']
[0.464s] Level 1:colcon.colcon_core.package_identification:_identify(gazebo_models/ar_tags/model/marker0/materials) by extension 'cmake'
[0.464s] Level 1:colcon.colcon_core.package_identification:_identify(gazebo_models/ar_tags/model/marker0/materials) by extension 'python'
[0.464s] Level 1:colcon.colcon_core.package_identification:_identify(gazebo_models/ar_tags/model/marker0/materials) by extensions ['python_setup_py']
[0.464s] Level 1:colcon.colcon_core.package_identification:_identify(gazebo_models/ar_tags/model/marker0/materials) by extension 'python_setup_py'
[0.464s] Level 1:colcon.colcon_core.package_identification:_identify(gazebo_models/ar_tags/model/marker0/materials/textures) by extensions ['ignore', 'ignore_ament_install']
[0.464s] Level 1:colcon.colcon_core.package_identification:_identify(gazebo_models/ar_tags/model/marker0/materials/textures) by extension 'ignore'
[0.464s] Level 1:colcon.colcon_core.package_identification:_identify(gazebo_models/ar_tags/model/marker0/materials/textures) by extension 'ignore_ament_install'
[0.464s] Level 1:colcon.colcon_core.package_identification:_identify(gazebo_models/ar_tags/model/marker0/materials/textures) by extensions ['colcon_pkg']
[0.464s] Level 1:colcon.colcon_core.package_identification:_identify(gazebo_models/ar_tags/model/marker0/materials/textures) by extension 'colcon_pkg'
[0.464s] Level 1:colcon.colcon_core.package_identification:_identify(gazebo_models/ar_tags/model/marker0/materials/textures) by extensions ['colcon_meta']
[0.465s] Level 1:colcon.colcon_core.package_identification:_identify(gazebo_models/ar_tags/model/marker0/materials/textures) by extension 'colcon_meta'
[0.465s] Level 1:colcon.colcon_core.package_identification:_identify(gazebo_models/ar_tags/model/marker0/materials/textures) by extensions ['ros']
[0.465s] Level 1:colcon.colcon_core.package_identification:_identify(gazebo_models/ar_tags/model/marker0/materials/textures) by extension 'ros'
[0.465s] Level 1:colcon.colcon_core.package_identification:_identify(gazebo_models/ar_tags/model/marker0/materials/textures) by extensions ['cmake', 'python']
[0.465s] Level 1:colcon.colcon_core.package_identification:_identify(gazebo_models/ar_tags/model/marker0/materials/textures) by extension 'cmake'
[0.465s] Level 1:colcon.colcon_core.package_identification:_identify(gazebo_models/ar_tags/model/marker0/materials/textures) by extension 'python'
[0.465s] Level 1:colcon.colcon_core.package_identification:_identify(gazebo_models/ar_tags/model/marker0/materials/textures) by extensions ['python_setup_py']
[0.465s] Level 1:colcon.colcon_core.package_identification:_identify(gazebo_models/ar_tags/model/marker0/materials/textures) by extension 'python_setup_py'
[0.465s] Level 1:colcon.colcon_core.package_identification:_identify(gazebo_models/ar_tags/model/marker0/meshes) by extensions ['ignore', 'ignore_ament_install']
[0.465s] Level 1:colcon.colcon_core.package_identification:_identify(gazebo_models/ar_tags/model/marker0/meshes) by extension 'ignore'
[0.465s] Level 1:colcon.colcon_core.package_identification:_identify(gazebo_models/ar_tags/model/marker0/meshes) by extension 'ignore_ament_install'
[0.465s] Level 1:colcon.colcon_core.package_identification:_identify(gazebo_models/ar_tags/model/marker0/meshes) by extensions ['colcon_pkg']
[0.465s] Level 1:colcon.colcon_core.package_identification:_identify(gazebo_models/ar_tags/model/marker0/meshes) by extension 'colcon_pkg'
[0.465s] Level 1:colcon.colcon_core.package_identification:_identify(gazebo_models/ar_tags/model/marker0/meshes) by extensions ['colcon_meta']
[0.465s] Level 1:colcon.colcon_core.package_identification:_identify(gazebo_models/ar_tags/model/marker0/meshes) by extension 'colcon_meta'
[0.466s] Level 1:colcon.colcon_core.package_identification:_identify(gazebo_models/ar_tags/model/marker0/meshes) by extensions ['ros']
[0.466s] Level 1:colcon.colcon_core.package_identification:_identify(gazebo_models/ar_tags/model/marker0/meshes) by extension 'ros'
[0.466s] Level 1:colcon.colcon_core.package_identification:_identify(gazebo_models/ar_tags/model/marker0/meshes) by extensions ['cmake', 'python']
[0.466s] Level 1:colcon.colcon_core.package_identification:_identify(gazebo_models/ar_tags/model/marker0/meshes) by extension 'cmake'
[0.466s] Level 1:colcon.colcon_core.package_identification:_identify(gazebo_models/ar_tags/model/marker0/meshes) by extension 'python'
[0.466s] Level 1:colcon.colcon_core.package_identification:_identify(gazebo_models/ar_tags/model/marker0/meshes) by extensions ['python_setup_py']
[0.466s] Level 1:colcon.colcon_core.package_identification:_identify(gazebo_models/ar_tags/model/marker0/meshes) by extension 'python_setup_py'
[0.466s] Level 1:colcon.colcon_core.package_identification:_identify(gazebo_models/ar_tags/scripts) by extensions ['ignore', 'ignore_ament_install']
[0.466s] Level 1:colcon.colcon_core.package_identification:_identify(gazebo_models/ar_tags/scripts) by extension 'ignore'
[0.466s] Level 1:colcon.colcon_core.package_identification:_identify(gazebo_models/ar_tags/scripts) by extension 'ignore_ament_install'
[0.466s] Level 1:colcon.colcon_core.package_identification:_identify(gazebo_models/ar_tags/scripts) by extensions ['colcon_pkg']
[0.466s] Level 1:colcon.colcon_core.package_identification:_identify(gazebo_models/ar_tags/scripts) by extension 'colcon_pkg'
[0.466s] Level 1:colcon.colcon_core.package_identification:_identify(gazebo_models/ar_tags/scripts) by extensions ['colcon_meta']
[0.466s] Level 1:colcon.colcon_core.package_identification:_identify(gazebo_models/ar_tags/scripts) by extension 'colcon_meta'
[0.466s] Level 1:colcon.colcon_core.package_identification:_identify(gazebo_models/ar_tags/scripts) by extensions ['ros']
[0.466s] Level 1:colcon.colcon_core.package_identification:_identify(gazebo_models/ar_tags/scripts) by extension 'ros'
[0.467s] Level 1:colcon.colcon_core.package_identification:_identify(gazebo_models/ar_tags/scripts) by extensions ['cmake', 'python']
[0.467s] Level 1:colcon.colcon_core.package_identification:_identify(gazebo_models/ar_tags/scripts) by extension 'cmake'
[0.467s] Level 1:colcon.colcon_core.package_identification:_identify(gazebo_models/ar_tags/scripts) by extension 'python'
[0.467s] Level 1:colcon.colcon_core.package_identification:_identify(gazebo_models/ar_tags/scripts) by extensions ['python_setup_py']
[0.467s] Level 1:colcon.colcon_core.package_identification:_identify(gazebo_models/ar_tags/scripts) by extension 'python_setup_py'
[0.467s] Level 1:colcon.colcon_core.package_identification:_identify(install) by extensions ['ignore', 'ignore_ament_install']
[0.467s] Level 1:colcon.colcon_core.package_identification:_identify(install) by extension 'ignore'
[0.467s] Level 1:colcon.colcon_core.package_identification:_identify(install) ignored
[0.467s] Level 1:colcon.colcon_core.package_identification:_identify(log) by extensions ['ignore', 'ignore_ament_install']
[0.467s] Level 1:colcon.colcon_core.package_identification:_identify(log) by extension 'ignore'
[0.467s] Level 1:colcon.colcon_core.package_identification:_identify(log) ignored
[0.467s] Level 1:colcon.colcon_core.package_discovery:discover_packages(recursive) using defaults
[0.468s] Level 1:colcon.colcon_core.package_discovery:discover_packages(ignore) discover
[0.468s] Level 1:colcon.colcon_core.package_discovery:discover_packages(ignore) using defaults
[0.468s] Level 1:colcon.colcon_core.package_discovery:discover_packages(path) discover
[0.468s] Level 1:colcon.colcon_core.package_discovery:discover_packages(path) using defaults
[0.495s] Level 1:colcon.colcon_core.package_discovery:discover_packages(prefix_path) check parameters
[0.495s] Level 1:colcon.colcon_core.package_discovery:discover_packages(prefix_path) discover
[0.499s] DEBUG:colcon.colcon_installed_package_information.package_discovery:Found 1 installed packages in /home/ryder/Documents/as4/assignment4-ros2/install
[0.499s] DEBUG:colcon.colcon_installed_package_information.package_discovery:Found 15 installed packages in /home/ryder/turtlebot3_ws/install
[0.502s] DEBUG:colcon.colcon_installed_package_information.package_discovery:Found 300 installed packages in /opt/ros/humble
[0.504s] Level 1:colcon.colcon_core.package_discovery:discover_packages(prefix_path) using defaults
[0.552s] INFO:colcon.colcon_core.executor:Executing jobs using 'parallel' executor
[0.554s] DEBUG:colcon.colcon_parallel_executor.executor.parallel:run_until_complete
[0.554s] DEBUG:colcon.colcon_parallel_executor.executor.parallel:closing loop
[0.554s] DEBUG:colcon.colcon_parallel_executor.executor.parallel:loop closed
[0.555s] DEBUG:colcon.colcon_parallel_executor.executor.parallel:run_until_complete finished with '0'
[0.555s] DEBUG:colcon.colcon_core.event_reactor:joining thread
[0.561s] INFO:colcon.colcon_core.plugin_system:Skipping extension 'colcon_notification.desktop_notification.terminal_notifier': Not used on non-Darwin systems
[0.561s] INFO:colcon.colcon_core.plugin_system:Skipping extension 'colcon_notification.desktop_notification.win32': Not used on non-Windows systems
[0.561s] INFO:colcon.colcon_notification.desktop_notification:Sending desktop notification using 'notify2'
[0.577s] DEBUG:colcon.colcon_core.event_reactor:joined thread
[0.580s] INFO:colcon.colcon_core.plugin_system:Skipping extension 'colcon_core.shell.bat': Not used on non-Windows systems
[0.580s] INFO:colcon.colcon_core.shell:Creating prefix script '/home/ryder/Documents/as4/assignment4-ros2/assignment3_WS/src/tb3_autonomous/worlds/install/local_setup.ps1'
[0.583s] INFO:colcon.colcon_core.shell:Creating prefix util module '/home/ryder/Documents/as4/assignment4-ros2/assignment3_WS/src/tb3_autonomous/worlds/install/_local_setup_util_ps1.py'
[0.585s] INFO:colcon.colcon_core.shell:Creating prefix chain script '/home/ryder/Documents/as4/assignment4-ros2/assignment3_WS/src/tb3_autonomous/worlds/install/setup.ps1'
[0.587s] INFO:colcon.colcon_core.shell:Creating prefix script '/home/ryder/Documents/as4/assignment4-ros2/assignment3_WS/src/tb3_autonomous/worlds/install/local_setup.sh'
[0.588s] INFO:colcon.colcon_core.shell:Creating prefix util module '/home/ryder/Documents/as4/assignment4-ros2/assignment3_WS/src/tb3_autonomous/worlds/install/_local_setup_util_sh.py'
[0.589s] INFO:colcon.colcon_core.shell:Creating prefix chain script '/home/ryder/Documents/as4/assignment4-ros2/assignment3_WS/src/tb3_autonomous/worlds/install/setup.sh'
[0.591s] INFO:colcon.colcon_core.shell:Creating prefix script '/home/ryder/Documents/as4/assignment4-ros2/assignment3_WS/src/tb3_autonomous/worlds/install/local_setup.bash'
[0.592s] INFO:colcon.colcon_core.shell:Creating prefix chain script '/home/ryder/Documents/as4/assignment4-ros2/assignment3_WS/src/tb3_autonomous/worlds/install/setup.bash'
[0.594s] INFO:colcon.colcon_core.shell:Creating prefix script '/home/ryder/Documents/as4/assignment4-ros2/assignment3_WS/src/tb3_autonomous/worlds/install/local_setup.zsh'
[0.594s] INFO:colcon.colcon_core.shell:Creating prefix chain script '/home/ryder/Documents/as4/assignment4-ros2/assignment3_WS/src/tb3_autonomous/worlds/install/setup.zsh'
