/home/ryder/Documents/as4/assignment4-ros2/install/tb3_autonomous/lib/python3.10/site-packages/tb3_autonomous/square_mover.py
/home/ryder/Documents/as4/assignment4-ros2/install/tb3_autonomous/lib/python3.10/site-packages/tb3_autonomous/navigation_node.py
/home/ryder/Documents/as4/assignment4-ros2/install/tb3_autonomous/lib/python3.10/site-packages/tb3_autonomous/__init__.py
/home/ryder/Documents/as4/assignment4-ros2/install/tb3_autonomous/lib/python3.10/site-packages/tb3_autonomous/CameraSlam.py
/home/ryder/Documents/as4/assignment4-ros2/install/tb3_autonomous/lib/python3.10/site-packages/tb3_autonomous/__pycache__/square_mover.cpython-310.pyc
/home/ryder/Documents/as4/assignment4-ros2/install/tb3_autonomous/lib/python3.10/site-packages/tb3_autonomous/__pycache__/navigation_node.cpython-310.pyc
/home/ryder/Documents/as4/assignment4-ros2/install/tb3_autonomous/lib/python3.10/site-packages/tb3_autonomous/__pycache__/__init__.cpython-310.pyc
/home/ryder/Documents/as4/assignment4-ros2/install/tb3_autonomous/lib/python3.10/site-packages/tb3_autonomous/__pycache__/CameraSlam.cpython-310.pyc
/home/ryder/Documents/as4/assignment4-ros2/install/tb3_autonomous/share/tb3_autonomous/launch/new_world.launch.py
/home/ryder/Documents/as4/assignment4-ros2/install/tb3_autonomous/share/tb3_autonomous/xacro/turtlebot3_waffle_pi.urdf.xacro
/home/ryder/Documents/as4/assignment4-ros2/install/tb3_autonomous/share/tb3_autonomous/worlds/as3.world
/home/ryder/Documents/as4/assignment4-ros2/install/tb3_autonomous/share/tb3_autonomous/worlds/new_world.world
/home/ryder/Documents/as4/assignment4-ros2/install/tb3_autonomous/share/tb3_autonomous/package.xml
/home/ryder/Documents/as4/assignment4-ros2/install/tb3_autonomous/lib/python3.10/site-packages/tb3_autonomous-0.0.0-py3.10.egg-info/entry_points.txt
/home/ryder/Documents/as4/assignment4-ros2/install/tb3_autonomous/lib/python3.10/site-packages/tb3_autonomous-0.0.0-py3.10.egg-info/zip-safe
/home/ryder/Documents/as4/assignment4-ros2/install/tb3_autonomous/lib/python3.10/site-packages/tb3_autonomous-0.0.0-py3.10.egg-info/SOURCES.txt
/home/ryder/Documents/as4/assignment4-ros2/install/tb3_autonomous/lib/python3.10/site-packages/tb3_autonomous-0.0.0-py3.10.egg-info/requires.txt
/home/ryder/Documents/as4/assignment4-ros2/install/tb3_autonomous/lib/python3.10/site-packages/tb3_autonomous-0.0.0-py3.10.egg-info/top_level.txt
/home/ryder/Documents/as4/assignment4-ros2/install/tb3_autonomous/lib/python3.10/site-packages/tb3_autonomous-0.0.0-py3.10.egg-info/PKG-INFO
/home/ryder/Documents/as4/assignment4-ros2/install/tb3_autonomous/lib/python3.10/site-packages/tb3_autonomous-0.0.0-py3.10.egg-info/dependency_links.txt
/home/ryder/Documents/as4/assignment4-ros2/install/tb3_autonomous/lib/tb3_autonomous/vision_nav
