[0.185s] DEBUG:colcon:Command line arguments: ['/usr/bin/colcon', 'build']
[0.185s] DEBUG:colcon:Parsed command line arguments: Namespace(log_base=None, log_level=None, verb_name='build', build_base='build', install_base='install', merge_install=False, symlink_install=False, test_result_base=None, continue_on_error=False, executor='parallel', parallel_workers=8, event_handlers=None, ignore_user_meta=False, metas=['./colcon.meta'], base_paths=['.'], packages_ignore=None, packages_ignore_regex=None, paths=None, packages_up_to=None, packages_up_to_regex=None, packages_above=None, packages_above_and_dependencies=None, packages_above_depth=None, packages_select_by_dep=None, packages_skip_by_dep=None, packages_skip_up_to=None, packages_select_build_failed=False, packages_skip_build_finished=False, packages_select_test_failures=False, packages_skip_test_passed=False, packages_select=None, packages_skip=None, packages_select_regex=None, packages_skip_regex=None, packages_start=None, packages_end=None, allow_overriding=[], cmake_args=None, cmake_target=None, cmake_target_skip_unavailable=False, cmake_clean_cache=False, cmake_clean_first=False, cmake_force_configure=False, ament_cmake_args=None, catkin_cmake_args=None, catkin_skip_building_tests=False, mixin_files=None, mixin=None, verb_parser=<colcon_mixin.mixin.mixin_argument.MixinArgumentDecorator object at 0x7b40ad1c2d10>, verb_extension=<colcon_core.verb.build.BuildVerb object at 0x7b40ad1c27a0>, main=<bound method BuildVerb.main of <colcon_core.verb.build.BuildVerb object at 0x7b40ad1c27a0>>, mixin_verb=('build',))
[0.449s] Level 1:colcon.colcon_core.package_discovery:discover_packages(colcon_meta) check parameters
[0.449s] Level 1:colcon.colcon_core.package_discovery:discover_packages(recursive) check parameters
[0.449s] Level 1:colcon.colcon_core.package_discovery:discover_packages(ignore) check parameters
[0.449s] Level 1:colcon.colcon_core.package_discovery:discover_packages(path) check parameters
[0.449s] Level 1:colcon.colcon_core.package_discovery:discover_packages(colcon_meta) discover
[0.449s] Level 1:colcon.colcon_core.package_discovery:discover_packages(recursive) discover
[0.449s] INFO:colcon.colcon_core.package_discovery:Crawling recursively for packages in '/home/ryder/Documents/as4/assignment4-ros2'
[0.449s] Level 1:colcon.colcon_core.package_identification:_identify(.) by extensions ['ignore', 'ignore_ament_install']
[0.449s] Level 1:colcon.colcon_core.package_identification:_identify(.) by extension 'ignore'
[0.449s] Level 1:colcon.colcon_core.package_identification:_identify(.) by extension 'ignore_ament_install'
[0.449s] Level 1:colcon.colcon_core.package_identification:_identify(.) by extensions ['colcon_pkg']
[0.449s] Level 1:colcon.colcon_core.package_identification:_identify(.) by extension 'colcon_pkg'
[0.450s] Level 1:colcon.colcon_core.package_identification:_identify(.) by extensions ['colcon_meta']
[0.450s] Level 1:colcon.colcon_core.package_identification:_identify(.) by extension 'colcon_meta'
[0.450s] Level 1:colcon.colcon_core.package_identification:_identify(.) by extensions ['ros']
[0.450s] Level 1:colcon.colcon_core.package_identification:_identify(.) by extension 'ros'
[0.464s] Level 1:colcon.colcon_core.package_identification:_identify(.) by extensions ['cmake', 'python']
[0.464s] Level 1:colcon.colcon_core.package_identification:_identify(.) by extension 'cmake'
[0.464s] Level 1:colcon.colcon_core.package_identification:_identify(.) by extension 'python'
[0.464s] Level 1:colcon.colcon_core.package_identification:_identify(.) by extensions ['python_setup_py']
[0.464s] Level 1:colcon.colcon_core.package_identification:_identify(.) by extension 'python_setup_py'
[0.464s] Level 1:colcon.colcon_core.package_identification:_identify(assignment3_WS) by extensions ['ignore', 'ignore_ament_install']
[0.465s] Level 1:colcon.colcon_core.package_identification:_identify(assignment3_WS) by extension 'ignore'
[0.465s] Level 1:colcon.colcon_core.package_identification:_identify(assignment3_WS) by extension 'ignore_ament_install'
[0.465s] Level 1:colcon.colcon_core.package_identification:_identify(assignment3_WS) by extensions ['colcon_pkg']
[0.465s] Level 1:colcon.colcon_core.package_identification:_identify(assignment3_WS) by extension 'colcon_pkg'
[0.465s] Level 1:colcon.colcon_core.package_identification:_identify(assignment3_WS) by extensions ['colcon_meta']
[0.465s] Level 1:colcon.colcon_core.package_identification:_identify(assignment3_WS) by extension 'colcon_meta'
[0.465s] Level 1:colcon.colcon_core.package_identification:_identify(assignment3_WS) by extensions ['ros']
[0.465s] Level 1:colcon.colcon_core.package_identification:_identify(assignment3_WS) by extension 'ros'
[0.465s] Level 1:colcon.colcon_core.package_identification:_identify(assignment3_WS) by extensions ['cmake', 'python']
[0.465s] Level 1:colcon.colcon_core.package_identification:_identify(assignment3_WS) by extension 'cmake'
[0.465s] Level 1:colcon.colcon_core.package_identification:_identify(assignment3_WS) by extension 'python'
[0.465s] Level 1:colcon.colcon_core.package_identification:_identify(assignment3_WS) by extensions ['python_setup_py']
[0.465s] Level 1:colcon.colcon_core.package_identification:_identify(assignment3_WS) by extension 'python_setup_py'
[0.465s] Level 1:colcon.colcon_core.package_identification:_identify(assignment3_WS/build) by extensions ['ignore', 'ignore_ament_install']
[0.465s] Level 1:colcon.colcon_core.package_identification:_identify(assignment3_WS/build) by extension 'ignore'
[0.465s] Level 1:colcon.colcon_core.package_identification:_identify(assignment3_WS/build) ignored
[0.466s] Level 1:colcon.colcon_core.package_identification:_identify(assignment3_WS/install) by extensions ['ignore', 'ignore_ament_install']
[0.466s] Level 1:colcon.colcon_core.package_identification:_identify(assignment3_WS/install) by extension 'ignore'
[0.466s] Level 1:colcon.colcon_core.package_identification:_identify(assignment3_WS/install) ignored
[0.466s] Level 1:colcon.colcon_core.package_identification:_identify(assignment3_WS/log) by extensions ['ignore', 'ignore_ament_install']
[0.466s] Level 1:colcon.colcon_core.package_identification:_identify(assignment3_WS/log) by extension 'ignore'
[0.466s] Level 1:colcon.colcon_core.package_identification:_identify(assignment3_WS/log) ignored
[0.466s] Level 1:colcon.colcon_core.package_identification:_identify(assignment3_WS/src) by extensions ['ignore', 'ignore_ament_install']
[0.466s] Level 1:colcon.colcon_core.package_identification:_identify(assignment3_WS/src) by extension 'ignore'
[0.466s] Level 1:colcon.colcon_core.package_identification:_identify(assignment3_WS/src) by extension 'ignore_ament_install'
[0.466s] Level 1:colcon.colcon_core.package_identification:_identify(assignment3_WS/src) by extensions ['colcon_pkg']
[0.466s] Level 1:colcon.colcon_core.package_identification:_identify(assignment3_WS/src) by extension 'colcon_pkg'
[0.466s] Level 1:colcon.colcon_core.package_identification:_identify(assignment3_WS/src) by extensions ['colcon_meta']
[0.466s] Level 1:colcon.colcon_core.package_identification:_identify(assignment3_WS/src) by extension 'colcon_meta'
[0.467s] Level 1:colcon.colcon_core.package_identification:_identify(assignment3_WS/src) by extensions ['ros']
[0.467s] Level 1:colcon.colcon_core.package_identification:_identify(assignment3_WS/src) by extension 'ros'
[0.467s] Level 1:colcon.colcon_core.package_identification:_identify(assignment3_WS/src) by extensions ['cmake', 'python']
[0.467s] Level 1:colcon.colcon_core.package_identification:_identify(assignment3_WS/src) by extension 'cmake'
[0.467s] Level 1:colcon.colcon_core.package_identification:_identify(assignment3_WS/src) by extension 'python'
[0.467s] Level 1:colcon.colcon_core.package_identification:_identify(assignment3_WS/src) by extensions ['python_setup_py']
[0.467s] Level 1:colcon.colcon_core.package_identification:_identify(assignment3_WS/src) by extension 'python_setup_py'
[0.467s] Level 1:colcon.colcon_core.package_identification:_identify(assignment3_WS/src/build) by extensions ['ignore', 'ignore_ament_install']
[0.467s] Level 1:colcon.colcon_core.package_identification:_identify(assignment3_WS/src/build) by extension 'ignore'
[0.467s] Level 1:colcon.colcon_core.package_identification:_identify(assignment3_WS/src/build) ignored
[0.467s] Level 1:colcon.colcon_core.package_identification:_identify(assignment3_WS/src/install) by extensions ['ignore', 'ignore_ament_install']
[0.467s] Level 1:colcon.colcon_core.package_identification:_identify(assignment3_WS/src/install) by extension 'ignore'
[0.467s] Level 1:colcon.colcon_core.package_identification:_identify(assignment3_WS/src/install) ignored
[0.468s] Level 1:colcon.colcon_core.package_identification:_identify(assignment3_WS/src/log) by extensions ['ignore', 'ignore_ament_install']
[0.468s] Level 1:colcon.colcon_core.package_identification:_identify(assignment3_WS/src/log) by extension 'ignore'
[0.468s] Level 1:colcon.colcon_core.package_identification:_identify(assignment3_WS/src/log) ignored
[0.468s] Level 1:colcon.colcon_core.package_identification:_identify(assignment3_WS/src/tb3_autonomous) by extensions ['ignore', 'ignore_ament_install']
[0.468s] Level 1:colcon.colcon_core.package_identification:_identify(assignment3_WS/src/tb3_autonomous) by extension 'ignore'
[0.468s] Level 1:colcon.colcon_core.package_identification:_identify(assignment3_WS/src/tb3_autonomous) by extension 'ignore_ament_install'
[0.468s] Level 1:colcon.colcon_core.package_identification:_identify(assignment3_WS/src/tb3_autonomous) by extensions ['colcon_pkg']
[0.468s] Level 1:colcon.colcon_core.package_identification:_identify(assignment3_WS/src/tb3_autonomous) by extension 'colcon_pkg'
[0.468s] Level 1:colcon.colcon_core.package_identification:_identify(assignment3_WS/src/tb3_autonomous) by extensions ['colcon_meta']
[0.468s] Level 1:colcon.colcon_core.package_identification:_identify(assignment3_WS/src/tb3_autonomous) by extension 'colcon_meta'
[0.468s] Level 1:colcon.colcon_core.package_identification:_identify(assignment3_WS/src/tb3_autonomous) by extensions ['ros']
[0.468s] Level 1:colcon.colcon_core.package_identification:_identify(assignment3_WS/src/tb3_autonomous) by extension 'ros'
[0.472s] DEBUG:colcon.colcon_core.package_identification:Package 'assignment3_WS/src/tb3_autonomous' with type 'ros.ament_python' and name 'tb3_autonomous'
[0.472s] Level 1:colcon.colcon_core.package_identification:_identify(build) by extensions ['ignore', 'ignore_ament_install']
[0.472s] Level 1:colcon.colcon_core.package_identification:_identify(build) by extension 'ignore'
[0.472s] Level 1:colcon.colcon_core.package_identification:_identify(build) ignored
[0.472s] Level 1:colcon.colcon_core.package_identification:_identify(install) by extensions ['ignore', 'ignore_ament_install']
[0.472s] Level 1:colcon.colcon_core.package_identification:_identify(install) by extension 'ignore'
[0.472s] Level 1:colcon.colcon_core.package_identification:_identify(install) ignored
[0.472s] Level 1:colcon.colcon_core.package_identification:_identify(log) by extensions ['ignore', 'ignore_ament_install']
[0.473s] Level 1:colcon.colcon_core.package_identification:_identify(log) by extension 'ignore'
[0.473s] Level 1:colcon.colcon_core.package_identification:_identify(log) ignored
[0.473s] Level 1:colcon.colcon_core.package_discovery:discover_packages(recursive) using defaults
[0.473s] Level 1:colcon.colcon_core.package_discovery:discover_packages(ignore) discover
[0.473s] Level 1:colcon.colcon_core.package_discovery:discover_packages(ignore) using defaults
[0.473s] Level 1:colcon.colcon_core.package_discovery:discover_packages(path) discover
[0.473s] Level 1:colcon.colcon_core.package_discovery:discover_packages(path) using defaults
[0.500s] Level 1:colcon.colcon_core.package_discovery:discover_packages(prefix_path) check parameters
[0.500s] Level 1:colcon.colcon_core.package_discovery:discover_packages(prefix_path) discover
[0.501s] WARNING:colcon.colcon_ros.prefix_path.ament:The path '/home/ryder/Documents/as4/assignment4-ros2/install/tb3_autonomous' in the environment variable AMENT_PREFIX_PATH doesn't exist
[0.503s] DEBUG:colcon.colcon_installed_package_information.package_discovery:Found 1 installed packages in /home/ryder/Documents/as4/assignment4-ros2/assignment3_WS/install
[0.504s] DEBUG:colcon.colcon_installed_package_information.package_discovery:Found 1 installed packages in /home/ryder/Documents/as4/install
[0.505s] DEBUG:colcon.colcon_installed_package_information.package_discovery:Found 15 installed packages in /home/ryder/turtlebot3_ws/install
[0.505s] DEBUG:colcon.colcon_installed_package_information.package_discovery:Found 0 installed packages in /home/ryder/Documents/as4/assignment4-ros2/install
[0.507s] DEBUG:colcon.colcon_installed_package_information.package_discovery:Found 300 installed packages in /opt/ros/humble
[0.509s] Level 1:colcon.colcon_core.package_discovery:discover_packages(prefix_path) using defaults
[0.557s] Level 5:colcon.colcon_core.verb:set package 'tb3_autonomous' build argument 'cmake_args' from command line to 'None'
[0.557s] Level 5:colcon.colcon_core.verb:set package 'tb3_autonomous' build argument 'cmake_target' from command line to 'None'
[0.557s] Level 5:colcon.colcon_core.verb:set package 'tb3_autonomous' build argument 'cmake_target_skip_unavailable' from command line to 'False'
[0.557s] Level 5:colcon.colcon_core.verb:set package 'tb3_autonomous' build argument 'cmake_clean_cache' from command line to 'False'
[0.557s] Level 5:colcon.colcon_core.verb:set package 'tb3_autonomous' build argument 'cmake_clean_first' from command line to 'False'
[0.557s] Level 5:colcon.colcon_core.verb:set package 'tb3_autonomous' build argument 'cmake_force_configure' from command line to 'False'
[0.557s] Level 5:colcon.colcon_core.verb:set package 'tb3_autonomous' build argument 'ament_cmake_args' from command line to 'None'
[0.557s] Level 5:colcon.colcon_core.verb:set package 'tb3_autonomous' build argument 'catkin_cmake_args' from command line to 'None'
[0.557s] Level 5:colcon.colcon_core.verb:set package 'tb3_autonomous' build argument 'catkin_skip_building_tests' from command line to 'False'
[0.557s] DEBUG:colcon.colcon_core.verb:Building package 'tb3_autonomous' with the following arguments: {'ament_cmake_args': None, 'build_base': '/home/ryder/Documents/as4/assignment4-ros2/build/tb3_autonomous', 'catkin_cmake_args': None, 'catkin_skip_building_tests': False, 'cmake_args': None, 'cmake_clean_cache': False, 'cmake_clean_first': False, 'cmake_force_configure': False, 'cmake_target': None, 'cmake_target_skip_unavailable': False, 'install_base': '/home/ryder/Documents/as4/assignment4-ros2/install/tb3_autonomous', 'merge_install': False, 'path': '/home/ryder/Documents/as4/assignment4-ros2/assignment3_WS/src/tb3_autonomous', 'symlink_install': False, 'test_result_base': None}
[0.558s] INFO:colcon.colcon_core.executor:Executing jobs using 'parallel' executor
[0.559s] DEBUG:colcon.colcon_parallel_executor.executor.parallel:run_until_complete
[0.559s] INFO:colcon.colcon_ros.task.ament_python.build:Building ROS package in '/home/ryder/Documents/as4/assignment4-ros2/assignment3_WS/src/tb3_autonomous' with build type 'ament_python'
[0.559s] Level 1:colcon.colcon_core.shell:create_environment_hook('tb3_autonomous', 'ament_prefix_path')
[0.562s] INFO:colcon.colcon_core.plugin_system:Skipping extension 'colcon_core.shell.bat': Not used on non-Windows systems
[0.562s] INFO:colcon.colcon_core.shell:Creating environment hook '/home/ryder/Documents/as4/assignment4-ros2/install/tb3_autonomous/share/tb3_autonomous/hook/ament_prefix_path.ps1'
[0.563s] INFO:colcon.colcon_core.shell:Creating environment descriptor '/home/ryder/Documents/as4/assignment4-ros2/install/tb3_autonomous/share/tb3_autonomous/hook/ament_prefix_path.dsv'
[0.564s] INFO:colcon.colcon_core.shell:Creating environment hook '/home/ryder/Documents/as4/assignment4-ros2/install/tb3_autonomous/share/tb3_autonomous/hook/ament_prefix_path.sh'
[0.565s] INFO:colcon.colcon_core.shell:Skip shell extension 'powershell' for command environment: Not usable outside of PowerShell
[0.565s] DEBUG:colcon.colcon_core.shell:Skip shell extension 'dsv' for command environment
[0.820s] WARNING:colcon.colcon_ros.task.ament_python.build:Package 'tb3_autonomous' doesn't explicitly install a marker in the package index (colcon-ros currently does it implicitly but that fallback will be removed in the future)
[0.820s] INFO:colcon.colcon_core.task.python.build:Building Python package in '/home/ryder/Documents/as4/assignment4-ros2/assignment3_WS/src/tb3_autonomous'
[0.820s] INFO:colcon.colcon_core.shell:Skip shell extension 'powershell' for command environment: Not usable outside of PowerShell
[0.820s] DEBUG:colcon.colcon_core.shell:Skip shell extension 'dsv' for command environment
[1.165s] DEBUG:colcon.colcon_core.event_handler.log_command:Invoking command in '/home/ryder/Documents/as4/assignment4-ros2/assignment3_WS/src/tb3_autonomous': PYTHONPATH=/home/ryder/Documents/as4/assignment4-ros2/build/tb3_autonomous/prefix_override:/usr/lib/python3/dist-packages/colcon_core/task/python/colcon_distutils_commands:/home/ryder/Documents/as4/assignment4-ros2/install/tb3_autonomous/lib/python3.10/site-packages:${PYTHONPATH} /usr/bin/python3 -W ignore:setup.py install is deprecated -W ignore:easy_install command is deprecated setup.py egg_info --egg-base ../../../build/tb3_autonomous build --build-base /home/ryder/Documents/as4/assignment4-ros2/build/tb3_autonomous/build install --record /home/ryder/Documents/as4/assignment4-ros2/build/tb3_autonomous/install.log --single-version-externally-managed install_data
[1.449s] DEBUG:colcon.colcon_core.event_handler.log_command:Invoked command in '/home/ryder/Documents/as4/assignment4-ros2/assignment3_WS/src/tb3_autonomous' returned '0': PYTHONPATH=/home/ryder/Documents/as4/assignment4-ros2/build/tb3_autonomous/prefix_override:/usr/lib/python3/dist-packages/colcon_core/task/python/colcon_distutils_commands:/home/ryder/Documents/as4/assignment4-ros2/install/tb3_autonomous/lib/python3.10/site-packages:${PYTHONPATH} /usr/bin/python3 -W ignore:setup.py install is deprecated -W ignore:easy_install command is deprecated setup.py egg_info --egg-base ../../../build/tb3_autonomous build --build-base /home/ryder/Documents/as4/assignment4-ros2/build/tb3_autonomous/build install --record /home/ryder/Documents/as4/assignment4-ros2/build/tb3_autonomous/install.log --single-version-externally-managed install_data
[1.451s] Level 1:colcon.colcon_core.environment:checking '/home/ryder/Documents/as4/assignment4-ros2/install/tb3_autonomous' for CMake module files
[1.451s] Level 1:colcon.colcon_core.environment:checking '/home/ryder/Documents/as4/assignment4-ros2/install/tb3_autonomous' for CMake config files
[1.452s] Level 1:colcon.colcon_core.environment:checking '/home/ryder/Documents/as4/assignment4-ros2/install/tb3_autonomous/lib'
[1.452s] Level 1:colcon.colcon_core.environment:checking '/home/ryder/Documents/as4/assignment4-ros2/install/tb3_autonomous/bin'
[1.452s] Level 1:colcon.colcon_core.environment:checking '/home/ryder/Documents/as4/assignment4-ros2/install/tb3_autonomous/lib/pkgconfig/tb3_autonomous.pc'
[1.452s] Level 1:colcon.colcon_core.environment:checking '/home/ryder/Documents/as4/assignment4-ros2/install/tb3_autonomous/lib/python3.10/site-packages'
[1.452s] Level 1:colcon.colcon_core.shell:create_environment_hook('tb3_autonomous', 'pythonpath')
[1.452s] INFO:colcon.colcon_core.shell:Creating environment hook '/home/ryder/Documents/as4/assignment4-ros2/install/tb3_autonomous/share/tb3_autonomous/hook/pythonpath.ps1'
[1.453s] INFO:colcon.colcon_core.shell:Creating environment descriptor '/home/ryder/Documents/as4/assignment4-ros2/install/tb3_autonomous/share/tb3_autonomous/hook/pythonpath.dsv'
[1.453s] INFO:colcon.colcon_core.shell:Creating environment hook '/home/ryder/Documents/as4/assignment4-ros2/install/tb3_autonomous/share/tb3_autonomous/hook/pythonpath.sh'
[1.453s] Level 1:colcon.colcon_core.environment:checking '/home/ryder/Documents/as4/assignment4-ros2/install/tb3_autonomous/bin'
[1.453s] Level 1:colcon.colcon_core.environment:create_environment_scripts_only(tb3_autonomous)
[1.454s] INFO:colcon.colcon_core.shell:Creating package script '/home/ryder/Documents/as4/assignment4-ros2/install/tb3_autonomous/share/tb3_autonomous/package.ps1'
[1.454s] INFO:colcon.colcon_core.shell:Creating package descriptor '/home/ryder/Documents/as4/assignment4-ros2/install/tb3_autonomous/share/tb3_autonomous/package.dsv'
[1.455s] INFO:colcon.colcon_core.shell:Creating package script '/home/ryder/Documents/as4/assignment4-ros2/install/tb3_autonomous/share/tb3_autonomous/package.sh'
[1.455s] INFO:colcon.colcon_core.shell:Creating package script '/home/ryder/Documents/as4/assignment4-ros2/install/tb3_autonomous/share/tb3_autonomous/package.bash'
[1.456s] INFO:colcon.colcon_core.shell:Creating package script '/home/ryder/Documents/as4/assignment4-ros2/install/tb3_autonomous/share/tb3_autonomous/package.zsh'
[1.456s] Level 1:colcon.colcon_core.environment:create_file_with_runtime_dependencies(/home/ryder/Documents/as4/assignment4-ros2/install/tb3_autonomous/share/colcon-core/packages/tb3_autonomous)
[1.456s] DEBUG:colcon.colcon_parallel_executor.executor.parallel:closing loop
[1.457s] DEBUG:colcon.colcon_parallel_executor.executor.parallel:loop closed
[1.457s] DEBUG:colcon.colcon_parallel_executor.executor.parallel:run_until_complete finished with '0'
[1.457s] DEBUG:colcon.colcon_core.event_reactor:joining thread
[1.461s] INFO:colcon.colcon_core.plugin_system:Skipping extension 'colcon_notification.desktop_notification.terminal_notifier': Not used on non-Darwin systems
[1.461s] INFO:colcon.colcon_core.plugin_system:Skipping extension 'colcon_notification.desktop_notification.win32': Not used on non-Windows systems
[1.461s] INFO:colcon.colcon_notification.desktop_notification:Sending desktop notification using 'notify2'
[1.474s] DEBUG:colcon.colcon_core.event_reactor:joined thread
[1.475s] INFO:colcon.colcon_core.shell:Creating prefix script '/home/ryder/Documents/as4/assignment4-ros2/install/local_setup.ps1'
[1.476s] INFO:colcon.colcon_core.shell:Creating prefix util module '/home/ryder/Documents/as4/assignment4-ros2/install/_local_setup_util_ps1.py'
[1.477s] INFO:colcon.colcon_core.shell:Creating prefix chain script '/home/ryder/Documents/as4/assignment4-ros2/install/setup.ps1'
[1.478s] INFO:colcon.colcon_core.shell:Creating prefix script '/home/ryder/Documents/as4/assignment4-ros2/install/local_setup.sh'
[1.478s] INFO:colcon.colcon_core.shell:Creating prefix util module '/home/ryder/Documents/as4/assignment4-ros2/install/_local_setup_util_sh.py'
[1.479s] INFO:colcon.colcon_core.shell:Creating prefix chain script '/home/ryder/Documents/as4/assignment4-ros2/install/setup.sh'
[1.481s] INFO:colcon.colcon_core.shell:Creating prefix script '/home/ryder/Documents/as4/assignment4-ros2/install/local_setup.bash'
[1.481s] INFO:colcon.colcon_core.shell:Creating prefix chain script '/home/ryder/Documents/as4/assignment4-ros2/install/setup.bash'
[1.482s] INFO:colcon.colcon_core.shell:Creating prefix script '/home/ryder/Documents/as4/assignment4-ros2/install/local_setup.zsh'
[1.483s] INFO:colcon.colcon_core.shell:Creating prefix chain script '/home/ryder/Documents/as4/assignment4-ros2/install/setup.zsh'
