running egg_info
writing ../../../build/tb3_autonomous/tb3_autonomous.egg-info/PKG-INFO
writing dependency_links to ../../../build/tb3_autonomous/tb3_autonomous.egg-info/dependency_links.txt
writing entry points to ../../../build/tb3_autonomous/tb3_autonomous.egg-info/entry_points.txt
writing requirements to ../../../build/tb3_autonomous/tb3_autonomous.egg-info/requires.txt
writing top-level names to ../../../build/tb3_autonomous/tb3_autonomous.egg-info/top_level.txt
reading manifest file '../../../build/tb3_autonomous/tb3_autonomous.egg-info/SOURCES.txt'
writing manifest file '../../../build/tb3_autonomous/tb3_autonomous.egg-info/SOURCES.txt'
running build
running build_py
copying tb3_autonomous/CameraSlam.py -> /home/ryder/Documents/as4/assignment4-ros2/build/tb3_autonomous/build/lib/tb3_autonomous
running install
running install_lib
copying /home/ryder/Documents/as4/assignment4-ros2/build/tb3_autonomous/build/lib/tb3_autonomous/CameraSlam.py -> /home/ryder/Documents/as4/assignment4-ros2/install/tb3_autonomous/lib/python3.10/site-packages/tb3_autonomous
byte-compiling /home/ryder/Documents/as4/assignment4-ros2/install/tb3_autonomous/lib/python3.10/site-packages/tb3_autonomous/CameraSlam.py to CameraSlam.cpython-310.pyc
running install_data
running install_egg_info
removing '/home/ryder/Documents/as4/assignment4-ros2/install/tb3_autonomous/lib/python3.10/site-packages/tb3_autonomous-0.0.0-py3.10.egg-info' (and everything under it)
Copying ../../../build/tb3_autonomous/tb3_autonomous.egg-info to /home/ryder/Documents/as4/assignment4-ros2/install/tb3_autonomous/lib/python3.10/site-packages/tb3_autonomous-0.0.0-py3.10.egg-info
running install_scripts
Installing vision_nav script to /home/ryder/Documents/as4/assignment4-ros2/install/tb3_autonomous/lib/tb3_autonomous
writing list of installed files to '/home/ryder/Documents/as4/assignment4-ros2/build/tb3_autonomous/install.log'
