[0.708s] Invoking command in '/home/ryder/Documents/as4/assignment4-ros2/assignment3_WS/src/tb3_autonomous': PYTHONPATH=/home/ryder/Documents/as4/assignment4-ros2/build/tb3_autonomous/prefix_override:/usr/lib/python3/dist-packages/colcon_core/task/python/colcon_distutils_commands:/home/ryder/Documents/as4/assignment4-ros2/install/tb3_autonomous/lib/python3.10/site-packages:${PYTHONPATH} /usr/bin/python3 -W ignore:setup.py install is deprecated -W ignore:easy_install command is deprecated setup.py egg_info --egg-base ../../../build/tb3_autonomous build --build-base /home/ryder/Documents/as4/assignment4-ros2/build/tb3_autonomous/build install --record /home/ryder/Documents/as4/assignment4-ros2/build/tb3_autonomous/install.log --single-version-externally-managed install_data
[0.923s] running egg_info
[0.923s] writing ../../../build/tb3_autonomous/tb3_autonomous.egg-info/PKG-INFO
[0.924s] writing dependency_links to ../../../build/tb3_autonomous/tb3_autonomous.egg-info/dependency_links.txt
[0.924s] writing entry points to ../../../build/tb3_autonomous/tb3_autonomous.egg-info/entry_points.txt
[0.924s] writing requirements to ../../../build/tb3_autonomous/tb3_autonomous.egg-info/requires.txt
[0.924s] writing top-level names to ../../../build/tb3_autonomous/tb3_autonomous.egg-info/top_level.txt
[0.926s] reading manifest file '../../../build/tb3_autonomous/tb3_autonomous.egg-info/SOURCES.txt'
[0.927s] writing manifest file '../../../build/tb3_autonomous/tb3_autonomous.egg-info/SOURCES.txt'
[0.927s] running build
[0.927s] running build_py
[0.927s] copying tb3_autonomous/CameraSlam.py -> /home/ryder/Documents/as4/assignment4-ros2/build/tb3_autonomous/build/lib/tb3_autonomous
[0.927s] running install
[0.928s] running install_lib
[0.928s] copying /home/ryder/Documents/as4/assignment4-ros2/build/tb3_autonomous/build/lib/tb3_autonomous/CameraSlam.py -> /home/ryder/Documents/as4/assignment4-ros2/install/tb3_autonomous/lib/python3.10/site-packages/tb3_autonomous
[0.929s] byte-compiling /home/ryder/Documents/as4/assignment4-ros2/install/tb3_autonomous/lib/python3.10/site-packages/tb3_autonomous/CameraSlam.py to CameraSlam.cpython-310.pyc
[0.932s] running install_data
[0.932s] running install_egg_info
[0.934s] removing '/home/ryder/Documents/as4/assignment4-ros2/install/tb3_autonomous/lib/python3.10/site-packages/tb3_autonomous-0.0.0-py3.10.egg-info' (and everything under it)
[0.934s] Copying ../../../build/tb3_autonomous/tb3_autonomous.egg-info to /home/ryder/Documents/as4/assignment4-ros2/install/tb3_autonomous/lib/python3.10/site-packages/tb3_autonomous-0.0.0-py3.10.egg-info
[0.935s] running install_scripts
[0.954s] Installing vision_nav script to /home/ryder/Documents/as4/assignment4-ros2/install/tb3_autonomous/lib/tb3_autonomous
[0.954s] writing list of installed files to '/home/ryder/Documents/as4/assignment4-ros2/build/tb3_autonomous/install.log'
[0.989s] Invoked command in '/home/ryder/Documents/as4/assignment4-ros2/assignment3_WS/src/tb3_autonomous' returned '0': PYTHONPATH=/home/ryder/Documents/as4/assignment4-ros2/build/tb3_autonomous/prefix_override:/usr/lib/python3/dist-packages/colcon_core/task/python/colcon_distutils_commands:/home/ryder/Documents/as4/assignment4-ros2/install/tb3_autonomous/lib/python3.10/site-packages:${PYTHONPATH} /usr/bin/python3 -W ignore:setup.py install is deprecated -W ignore:easy_install command is deprecated setup.py egg_info --egg-base ../../../build/tb3_autonomous build --build-base /home/ryder/Documents/as4/assignment4-ros2/build/tb3_autonomous/build install --record /home/ryder/Documents/as4/assignment4-ros2/build/tb3_autonomous/install.log --single-version-externally-managed install_data
