[0.665s] Invoking command in '/home/ryder/Documents/as4/assignment4-ros2/assignment3_WS/src/tb3_autonomous': PYTHONPATH=/home/ryder/Documents/as4/assignment4-ros2/build/tb3_autonomous/prefix_override:/usr/lib/python3/dist-packages/colcon_core/task/python/colcon_distutils_commands:/home/ryder/Documents/as4/assignment4-ros2/install/tb3_autonomous/lib/python3.10/site-packages:${PYTHONPATH} /usr/bin/python3 -W ignore:setup.py install is deprecated -W ignore:easy_install command is deprecated setup.py egg_info --egg-base ../../../build/tb3_autonomous build --build-base /home/ryder/Documents/as4/assignment4-ros2/build/tb3_autonomous/build install --record /home/ryder/Documents/as4/assignment4-ros2/build/tb3_autonomous/install.log --single-version-externally-managed install_data
[0.884s] running egg_info
[0.884s] writing ../../../build/tb3_autonomous/tb3_autonomous.egg-info/PKG-INFO
[0.885s] writing dependency_links to ../../../build/tb3_autonomous/tb3_autonomous.egg-info/dependency_links.txt
[0.885s] writing entry points to ../../../build/tb3_autonomous/tb3_autonomous.egg-info/entry_points.txt
[0.885s] writing requirements to ../../../build/tb3_autonomous/tb3_autonomous.egg-info/requires.txt
[0.885s] writing top-level names to ../../../build/tb3_autonomous/tb3_autonomous.egg-info/top_level.txt
[0.887s] reading manifest file '../../../build/tb3_autonomous/tb3_autonomous.egg-info/SOURCES.txt'
[0.888s] writing manifest file '../../../build/tb3_autonomous/tb3_autonomous.egg-info/SOURCES.txt'
[0.888s] running build
[0.888s] running build_py
[0.888s] running install
[0.889s] running install_lib
[0.890s] running install_data
[0.890s] running install_egg_info
[0.892s] removing '/home/ryder/Documents/as4/assignment4-ros2/install/tb3_autonomous/lib/python3.10/site-packages/tb3_autonomous-0.0.0-py3.10.egg-info' (and everything under it)
[0.892s] Copying ../../../build/tb3_autonomous/tb3_autonomous.egg-info to /home/ryder/Documents/as4/assignment4-ros2/install/tb3_autonomous/lib/python3.10/site-packages/tb3_autonomous-0.0.0-py3.10.egg-info
[0.893s] running install_scripts
[0.912s] Installing vision_nav script to /home/ryder/Documents/as4/assignment4-ros2/install/tb3_autonomous/lib/tb3_autonomous
[0.912s] writing list of installed files to '/home/ryder/Documents/as4/assignment4-ros2/build/tb3_autonomous/install.log'
[0.950s] Invoked command in '/home/ryder/Documents/as4/assignment4-ros2/assignment3_WS/src/tb3_autonomous' returned '0': PYTHONPATH=/home/ryder/Documents/as4/assignment4-ros2/build/tb3_autonomous/prefix_override:/usr/lib/python3/dist-packages/colcon_core/task/python/colcon_distutils_commands:/home/ryder/Documents/as4/assignment4-ros2/install/tb3_autonomous/lib/python3.10/site-packages:${PYTHONPATH} /usr/bin/python3 -W ignore:setup.py install is deprecated -W ignore:easy_install command is deprecated setup.py egg_info --egg-base ../../../build/tb3_autonomous build --build-base /home/ryder/Documents/as4/assignment4-ros2/build/tb3_autonomous/build install --record /home/ryder/Documents/as4/assignment4-ros2/build/tb3_autonomous/install.log --single-version-externally-managed install_data
